=== v0.10.0 Phase 8c FUSION=n, 5 min backward-compat regression ===
Rig: NUCLEO-L476RG + Adafruit INA219 + ~1 kohm load (load connected, no toggling)
Build: /tmp/build-phase8c-fusion-off  FLASH 73556 B (matches v0.8.5 baseline)
Goal: confirm CONFIG_BATTERY_SOC_FUSION=n produces byte-identical pattern to v0.8.4

    t ms    V mV     T C       SOC     flags      I mA      Q mAh
---------------------------------------------------------------------------
   20034    3320   25.87    99.99%  00000000      2.80     219.98
   22037    3320   25.87    99.99%  00000000      2.80     219.98
   24039    3320   26.21    99.99%  00000000      2.80     219.98
   80103    3319   25.54    99.97%  00000000      2.80     219.93
  140173    3320   25.87    99.95%  00000000      2.80     219.89
  200244    3320   25.54    99.92%  00000000      2.80     219.84
  260314    3320   25.87    99.90%  00000000      2.80     219.79
  312375    3320   25.54    99.88%  00000000      2.80     219.75
  314378    3320   25.87    99.88%  00000000      2.80     219.75
  316380    3320   25.54    99.88%  00000000      2.80     219.75
  318382    3320   25.54    99.88%  00000000      2.80     219.75
  320385    3320   25.87    99.88%  00000000      2.80     219.75

Samples: 151
I:   min=2.80 mA   max=2.80 mA   avg=2.80 mA
Q:   first=219.98 mAh   last=219.75 mAh   delta=-0.2300 mAh
SOC: first=99.99 pct   last=99.88 pct   delta=-0.1100 pct
