=== v0.10.0 Phase 8c FUSION=y, 5 min drift-correction baseline ===
Rig: NUCLEO-L476RG + Adafruit INA219 + ~1 kohm load (same as v0.8.4)
Build: /tmp/build-phase8c-fusion-on  FLASH 73612 B, +56 B vs FUSION=n

    t ms    V mV     T C       SOC     flags      I mA      Q mAh
---------------------------------------------------------------------------
  104131    3316   25.21    99.96%  00000000      2.80     219.92
  106133    3317   24.55    99.96%  00000000      2.80     219.91
  108136    3317   25.21    99.95%  00000000      2.80     219.91
  164200    3316   25.54    99.94%  00000000      2.80     219.87
  224269    3316   25.54    99.91%  00000000      2.80     219.82
  284338    3316   25.21    99.90%  00000000      2.80     219.77
  344407    3316   25.21    99.87%  00000000      2.80     219.73
  396467    3317   25.54    99.85%  00000000      2.80     219.69
  398469    3316   25.54    99.85%  00000000      2.80     219.69
  400472    3316   25.54    99.85%  00000000      2.80     219.68
  402474    3316   25.21    99.85%  00000000      2.80     219.68
  404476    3317   25.54    99.85%  00000000      2.80     219.68

Samples: 151
I:   min=2.80 mA   max=2.80 mA   avg=2.80 mA
Q:   first=219.92 mAh   last=219.68 mAh   delta=-0.2400 mAh
SOC: first=99.96 pct   last=99.85 pct   delta=-0.1100 pct
